<?xml version="1.0" encoding="UTF-8"?>
<Site BuildName="(empty)"
	BuildStamp="20241208-2145-Experimental"
	Name="RoboticsVM"
	Generator="ctest-3.16.3"
	CompilerName="/usr/bin/c++"
	CompilerVersion="9.4.0"
	OSName="Linux"
	Hostname="RoboticsVM"
	OSRelease="5.15.0-125-generic"
	OSVersion="#135~20.04.1-Ubuntu SMP Mon Oct 7 13:56:22 UTC 2024"
	OSPlatform="x86_64"
	Is64Bits="1"
	VendorString="AuthenticAMD"
	VendorID="Advanced Micro Devices"
	FamilyID="25"
	ModelID="80"
	ProcessorCacheSize="512"
	NumberOfLogicalCPU="1"
	NumberOfPhysicalCPU="1"
	TotalVirtualMemory="1162"
	TotalPhysicalMemory="7938"
	LogicalProcessorsPerPhysical="1"
	ProcessorClockFrequency="3293.74"
	>
	<Testing>
		<StartDateTime>Dec 08 15:45 CST</StartDateTime>
		<StartTestTime>1733694341</StartTestTime>
		<TestList/>
		<EndDateTime>Dec 08 15:45 CST</EndDateTime>
		<EndTestTime>1733694341</EndTestTime>
		<ElapsedMinutes>0</ElapsedMinutes>
	</Testing>
</Site>
